<?xml version="1.0" encoding="UTF-8"?>
<!-- Generated by org.testng.reporters.JUnitReportReporter -->
<testsuite hostname="LAPTOP-J03BAFQ7" failures="0" tests="1" name="NewTest2" time="1.226" errors="0" timestamp="2023-02-04T21:55:47 SGT" skipped="0">
  <testcase classname="NewTest2" name="checkTitle" time="1.226"/>
</testsuite> <!-- NewTest2 -->
