<?xml version="1.0" encoding="UTF-8"?>
<!-- Generated by org.testng.reporters.JUnitReportReporter -->
<testsuite hostname="xy" failures="0" tests="2" name="NewTest1" time="0.393" errors="0" timestamp="2023-02-04T21:24:52 SGT" skipped="0">
  <testcase classname="NewTest1" name="checkId" time="0.322"/>
  <system-out/>
  <testcase classname="NewTest1" name="checkTitle" time="0.071"/>
  <system-out/>
</testsuite> <!-- NewTest1 -->
