<?xml version="1.0" encoding="UTF-8"?>
<!-- Generated by org.testng.reporters.JUnitReportReporter -->
<testsuite hostname="LAPTOP-VAE6IKK5" failures="0" tests="3" name="NewTest" time="0.855" errors="0" timestamp="2023-02-04T22:24:13 SGT" skipped="0">
  <testcase classname="NewTest" name="checkTitle" time="0.042"/>
  <testcase classname="NewTest" name="checkAddButtonId" time="0.330"/>
  <testcase classname="NewTest" name="checkAddProduct" time="0.483"/>
</testsuite> <!-- NewTest -->
