<?xml version="1.0" encoding="UTF-8"?>
<!-- Generated by org.testng.reporters.JUnitReportReporter -->
<testsuite hostname="LAPTOP-VAE6IKK5" failures="0" tests="3" name="NewTest" time="1.003" errors="0" timestamp="3 Feb 2023 14:06:15 GMT">
  <testcase classname="NewTest" name="checkAddProduct" time="0.397"/>
  <testcase classname="NewTest" name="checkAddButtonId" time="0.547"/>
  <testcase classname="NewTest" name="checkTitle" time="0.059"/>
</testsuite> <!-- NewTest -->
