<?xml version="1.0" encoding="UTF-8"?>
<!-- Generated by org.testng.reporters.JUnitReportReporter -->
<testsuite hostname="xy" failures="0" tests="2" name="NewTest1" time="1.770" errors="0" timestamp="2023-02-05T18:17:10 SGT" skipped="0">
  <testcase classname="NewTest1" name="checkTitle" time="0.058"/>
  <system-out/>
  <testcase classname="NewTest1" name="checkId" time="1.712"/>
  <system-out/>
</testsuite> <!-- NewTest1 -->
