<?xml version="1.0" encoding="UTF-8"?>
<!-- Generated by org.testng.reporters.JUnitReportReporter -->
<testsuite hostname="xy" failures="0" tests="2" name="NewTest1" time="0.333" errors="0" timestamp="2023-02-05T00:53:45 SGT" skipped="0">
  <testcase classname="NewTest1" name="checkTitle" time="0.059"/>
  <system-out/>
  <testcase classname="NewTest1" name="checkId" time="0.274"/>
  <system-out/>
</testsuite> <!-- NewTest1 -->
